C:\USERS\ADMINISTRATOR\DOCUMENTS\GITHUB\KEYCONCEPTS\CPLUSPLUS\ENCAPINHERITANCEPOLYMOR\DEBUG\ENCAPINHERITANCEPOLYMOR.EXE
C:\USERS\ADMINISTRATOR\DOCUMENTS\GITHUB\KEYCONCEPTS\CPLUSPLUS\ENCAPINHERITANCEPOLYMOR\DEBUG\ENCAPINHERITANCEPOLYMOR.ILK
C:\USERS\ADMINISTRATOR\DOCUMENTS\GITHUB\KEYCONCEPTS\CPLUSPLUS\ENCAPINHERITANCEPOLYMOR\DEBUG\ENCAPINHERITANCEPOLYMOR.PDB
C:\Users\Administrator\Documents\GitHub\KeyConcepts\CPlusPlus\EncapInheritancePolymor\EncapInheritancePolymor\Debug\cl.command.1.tlog
C:\Users\Administrator\Documents\GitHub\KeyConcepts\CPlusPlus\EncapInheritancePolymor\EncapInheritancePolymor\Debug\CL.read.1.tlog
C:\Users\Administrator\Documents\GitHub\KeyConcepts\CPlusPlus\EncapInheritancePolymor\EncapInheritancePolymor\Debug\CL.write.1.tlog
C:\USERS\ADMINISTRATOR\DOCUMENTS\GITHUB\KEYCONCEPTS\CPLUSPLUS\ENCAPINHERITANCEPOLYMOR\ENCAPINHERITANCEPOLYMOR\DEBUG\ENCAPINHERITANCEPOLYMOR.EXE.EMBED.MANIFEST
C:\USERS\ADMINISTRATOR\DOCUMENTS\GITHUB\KEYCONCEPTS\CPLUSPLUS\ENCAPINHERITANCEPOLYMOR\ENCAPINHERITANCEPOLYMOR\DEBUG\ENCAPINHERITANCEPOLYMOR.EXE.EMBED.MANIFEST.RES
C:\USERS\ADMINISTRATOR\DOCUMENTS\GITHUB\KEYCONCEPTS\CPLUSPLUS\ENCAPINHERITANCEPOLYMOR\ENCAPINHERITANCEPOLYMOR\DEBUG\ENCAPINHERITANCEPOLYMOR.EXE.INTERMEDIATE.MANIFEST
C:\USERS\ADMINISTRATOR\DOCUMENTS\GITHUB\KEYCONCEPTS\CPLUSPLUS\ENCAPINHERITANCEPOLYMOR\ENCAPINHERITANCEPOLYMOR\DEBUG\ENCAPINHERITANCEPOLYMOR.OBJ
C:\USERS\ADMINISTRATOR\DOCUMENTS\GITHUB\KEYCONCEPTS\CPLUSPLUS\ENCAPINHERITANCEPOLYMOR\ENCAPINHERITANCEPOLYMOR\DEBUG\ENCAPINHERITANCEPOLYMOR.PCH
C:\Users\Administrator\Documents\GitHub\KeyConcepts\CPlusPlus\EncapInheritancePolymor\EncapInheritancePolymor\Debug\EncapInheritancePolymor.vcxprojResolveAssemblyReference.cache
C:\Users\Administrator\Documents\GitHub\KeyConcepts\CPlusPlus\EncapInheritancePolymor\EncapInheritancePolymor\Debug\EncapInheritancePolymor.write.1.tlog
C:\Users\Administrator\Documents\GitHub\KeyConcepts\CPlusPlus\EncapInheritancePolymor\EncapInheritancePolymor\Debug\EncapInheritancePolymor_manifest.rc
C:\Users\Administrator\Documents\GitHub\KeyConcepts\CPlusPlus\EncapInheritancePolymor\EncapInheritancePolymor\Debug\link.1204.read.1.tlog
C:\Users\Administrator\Documents\GitHub\KeyConcepts\CPlusPlus\EncapInheritancePolymor\EncapInheritancePolymor\Debug\link.1204.write.1.tlog
C:\Users\Administrator\Documents\GitHub\KeyConcepts\CPlusPlus\EncapInheritancePolymor\EncapInheritancePolymor\Debug\link.1204-cvtres.read.1.tlog
C:\Users\Administrator\Documents\GitHub\KeyConcepts\CPlusPlus\EncapInheritancePolymor\EncapInheritancePolymor\Debug\link.1204-cvtres.write.1.tlog
C:\Users\Administrator\Documents\GitHub\KeyConcepts\CPlusPlus\EncapInheritancePolymor\EncapInheritancePolymor\Debug\link.command.1.tlog
C:\Users\Administrator\Documents\GitHub\KeyConcepts\CPlusPlus\EncapInheritancePolymor\EncapInheritancePolymor\Debug\link.read.1.tlog
C:\Users\Administrator\Documents\GitHub\KeyConcepts\CPlusPlus\EncapInheritancePolymor\EncapInheritancePolymor\Debug\link.write.1.tlog
C:\Users\Administrator\Documents\GitHub\KeyConcepts\CPlusPlus\EncapInheritancePolymor\EncapInheritancePolymor\Debug\link-cvtres.read.1.tlog
C:\Users\Administrator\Documents\GitHub\KeyConcepts\CPlusPlus\EncapInheritancePolymor\EncapInheritancePolymor\Debug\link-cvtres.write.1.tlog
C:\Users\Administrator\Documents\GitHub\KeyConcepts\CPlusPlus\EncapInheritancePolymor\EncapInheritancePolymor\Debug\mt.command.1.tlog
C:\Users\Administrator\Documents\GitHub\KeyConcepts\CPlusPlus\EncapInheritancePolymor\EncapInheritancePolymor\Debug\mt.read.1.tlog
C:\Users\Administrator\Documents\GitHub\KeyConcepts\CPlusPlus\EncapInheritancePolymor\EncapInheritancePolymor\Debug\mt.write.1.tlog
C:\Users\Administrator\Documents\GitHub\KeyConcepts\CPlusPlus\EncapInheritancePolymor\EncapInheritancePolymor\Debug\rc.command.1.tlog
C:\Users\Administrator\Documents\GitHub\KeyConcepts\CPlusPlus\EncapInheritancePolymor\EncapInheritancePolymor\Debug\rc.read.1.tlog
C:\Users\Administrator\Documents\GitHub\KeyConcepts\CPlusPlus\EncapInheritancePolymor\EncapInheritancePolymor\Debug\rc.write.1.tlog
C:\USERS\ADMINISTRATOR\DOCUMENTS\GITHUB\KEYCONCEPTS\CPLUSPLUS\ENCAPINHERITANCEPOLYMOR\ENCAPINHERITANCEPOLYMOR\DEBUG\STDAFX.OBJ
C:\Users\Administrator\Documents\GitHub\KeyConcepts\CPlusPlus\EncapInheritancePolymor\EncapInheritancePolymor\Debug\vc100.idb
C:\USERS\ADMINISTRATOR\DOCUMENTS\GITHUB\KEYCONCEPTS\CPLUSPLUS\ENCAPINHERITANCEPOLYMOR\ENCAPINHERITANCEPOLYMOR\DEBUG\VC100.PDB
